<?xml version="1.0" encoding="UTF-8"?>
<!-- Generated by org.testng.reporters.JUnitReportReporter -->
<testsuite hostname="LAPTOP-8HFRKDI2" failures="0" tests="3" name="test.UserTestsUsingPropertiesFile" time="7.611" errors="0" timestamp="2024-09-21T13:31:18 IST" skipped="0">
  <testcase classname="test.UserTestsUsingPropertiesFile" name="testPostUser" time="3.496"/>
  <system-out/>
  <testcase classname="test.UserTestsUsingPropertiesFile" name="testGetUser" time="1.776"/>
  <system-out/>
  <testcase classname="test.UserTestsUsingPropertiesFile" name="testUpdateUser" time="2.339"/>
  <system-out/>
</testsuite> <!-- test.UserTestsUsingPropertiesFile -->
