<?xml version="1.0" encoding="UTF-8"?>
<!-- Generated by org.testng.reporters.JUnitReportReporter -->
<testsuite hostname="LAPTOP-8HFRKDI2" failures="0" tests="3" name="test.UserTests" time="7.949" errors="0" timestamp="2024-09-21T12:55:23 IST" skipped="0">
  <testcase classname="test.UserTests" name="testPostUser" time="3.893"/>
  <system-out/>
  <testcase classname="test.UserTests" name="testGetUser" time="1.786"/>
  <system-out/>
  <testcase classname="test.UserTests" name="testUpdateUser" time="2.270"/>
  <system-out/>
</testsuite> <!-- test.UserTests -->
