<?xml version="1.0" encoding="UTF-8"?>
<!-- Generated by org.testng.reporters.JUnitReportReporter -->
<testsuite hostname="LAPTOP-8HFRKDI2" failures="0" tests="3" name="test.UserTestsUsingPropertiesFile" time="8.366" errors="0" timestamp="2024-09-21T16:28:05 IST" skipped="0">
  <testcase classname="test.UserTestsUsingPropertiesFile" name="testPostUser" time="4.202"/>
  <system-out/>
  <testcase classname="test.UserTestsUsingPropertiesFile" name="testGetUser" time="1.926"/>
  <system-out/>
  <testcase classname="test.UserTestsUsingPropertiesFile" name="testUpdateUser" time="2.238"/>
  <system-out/>
</testsuite> <!-- test.UserTestsUsingPropertiesFile -->
